<?xml version="1.0" encoding="UTF-8"?>
<!-- Generated by org.testng.reporters.JUnitReportReporter -->
<testsuite hostname="LAPTOP-VE61RUJJ" failures="0" tests="3" name="com.CounterSign.StepDefination.UserStory30072022" time="0.120" errors="0" timestamp="2022-07-30T10:59:00 IST" skipped="0">
  <testcase classname="com.CounterSign.StepDefination.UserStory30072022" name="verifyTheTitleOfCurrentPage" time="0.021"/>
  <system-out/>
  <testcase classname="com.CounterSign.StepDefination.UserStory30072022" name="verifyTheUrlOfCurrentPage" time="0.016"/>
  <system-out/>
  <testcase classname="com.CounterSign.StepDefination.UserStory30072022" name="closeLoginPopup" time="0.083"/>
  <system-out/>
</testsuite> <!-- com.CounterSign.StepDefination.UserStory30072022 -->
