<?xml version="1.0" encoding="UTF-8"?>
<!-- Generated by org.testng.reporters.JUnitReportReporter -->
<testsuite hostname="LAPTOP-VE61RUJJ" failures="0" tests="3" name="com.CounterSign.StepDefination.UserStory31072022" time="16.585" errors="0" timestamp="2022-07-31T11:03:47 IST" skipped="0">
  <testcase classname="com.CounterSign.StepDefination.UserStory31072022" name="enterTheDetailsInMyInfoSection" time="6.287"/>
  <system-out/>
  <testcase classname="com.CounterSign.StepDefination.UserStory31072022" name="getAllDetailsTabs" time="0.207"/>
  <system-out/>
  <testcase classname="com.CounterSign.StepDefination.UserStory31072022" name="addAttachement" time="10.091"/>
  <system-out/>
</testsuite> <!-- com.CounterSign.StepDefination.UserStory31072022 -->
