<?xml version="1.0" encoding="UTF-8"?>
<!-- Generated by org.testng.reporters.JUnitReportReporter -->
<testsuite hostname="LAPTOP-VE61RUJJ" failures="0" tests="5" name="com.CounterSign.StepDefination.UserStory06082022" time="0.008" errors="0" timestamp="2022-08-06T09:23:11 IST" skipped="0">
  <testcase classname="com.CounterSign.StepDefination.UserStory06082022" name="getData" time="0.000"/>
  <system-out/>
  <testcase classname="com.CounterSign.StepDefination.UserStory06082022" name="getData" time="0.001"/>
  <system-out/>
  <testcase classname="com.CounterSign.StepDefination.UserStory06082022" name="getData" time="0.001"/>
  <system-out/>
  <testcase classname="com.CounterSign.StepDefination.UserStory06082022" name="getData" time="0.005"/>
  <system-out/>
  <testcase classname="com.CounterSign.StepDefination.UserStory06082022" name="getData" time="0.001"/>
  <system-out/>
</testsuite> <!-- com.CounterSign.StepDefination.UserStory06082022 -->
